*** Using Compiler 'V5.06 update 4 (build 422)', folder: 'D:\Keil_v5\ARM\ARMCC\Bin'
Build target 'FreeRTOS_CBT6'
compiling stm32f1xx_it.c...
..\Core\Bsp\Modbus.h(16): warning:  #1-D: last line of file ends without a newline
  #endif /* __LED_H */
..\Core\Bsp\Pwm.h(48): warning:  #1-D: last line of file ends without a newline
  #endif /* __LED_H */
../Core/Src/stm32f1xx_it.c: 2 warnings, 0 errors
compiling stm32f1xx_hal_msp.c...
..\Core\Bsp\Modbus.h(16): warning:  #1-D: last line of file ends without a newline
  #endif /* __LED_H */
..\Core\Bsp\Pwm.h(48): warning:  #1-D: last line of file ends without a newline
  #endif /* __LED_H */
../Core/Src/stm32f1xx_hal_msp.c: 2 warnings, 0 errors
compiling gpio.c...
..\Core\Bsp\Modbus.h(16): warning:  #1-D: last line of file ends without a newline
  #endif /* __LED_H */
..\Core\Bsp\Pwm.h(48): warning:  #1-D: last line of file ends without a newline
  #endif /* __LED_H */
../Core/Src/gpio.c: 2 warnings, 0 errors
compiling freertos.c...
..\Core\Bsp\Modbus.h(16): warning:  #1-D: last line of file ends without a newline
  #endif /* __LED_H */
..\Core\Bsp\Pwm.h(48): warning:  #1-D: last line of file ends without a newline
  #endif /* __LED_H */
../Core/Src/freertos.c: 2 warnings, 0 errors
compiling usbd_cdc_if.c...
..\Core\Bsp\Modbus.h(16): warning:  #1-D: last line of file ends without a newline
  #endif /* __LED_H */
..\Core\Bsp\Pwm.h(48): warning:  #1-D: last line of file ends without a newline
  #endif /* __LED_H */
../USB_DEVICE/App/usbd_cdc_if.c: 2 warnings, 0 errors
compiling main.c...
..\Core\Bsp\Modbus.h(16): warning:  #1-D: last line of file ends without a newline
  #endif /* __LED_H */
..\Core\Bsp\Pwm.h(48): warning:  #1-D: last line of file ends without a newline
  #endif /* __LED_H */
../Core/Src/main.c(91): warning:  #223-D: function "Modbus_RegMap" declared implicitly
    Modbus_RegMap();
../Core/Src/main.c: 3 warnings, 0 errors
compiling usbd_desc.c...
..\Core\Bsp\Modbus.h(16): warning:  #1-D: last line of file ends without a newline
  #endif /* __LED_H */
..\Core\Bsp\Pwm.h(48): warning:  #1-D: last line of file ends without a newline
  #endif /* __LED_H */
../USB_DEVICE/App/usbd_desc.c: 2 warnings, 0 errors
compiling usbd_ioreq.c...
..\Core\Bsp\Modbus.h(16): warning:  #1-D: last line of file ends without a newline
  #endif /* __LED_H */
..\Core\Bsp\Pwm.h(48): warning:  #1-D: last line of file ends without a newline
  #endif /* __LED_H */
../Middlewares/ST/STM32_USB_Device_Library/Core/Src/usbd_ioreq.c: 2 warnings, 0 errors
compiling usb_device.c...
..\Core\Bsp\Modbus.h(16): warning:  #1-D: last line of file ends without a newline
  #endif /* __LED_H */
..\Core\Bsp\Pwm.h(48): warning:  #1-D: last line of file ends without a newline
  #endif /* __LED_H */
../USB_DEVICE/App/usb_device.c: 2 warnings, 0 errors
compiling usbd_cdc.c...
..\Core\Bsp\Modbus.h(16): warning:  #1-D: last line of file ends without a newline
  #endif /* __LED_H */
..\Core\Bsp\Pwm.h(48): warning:  #1-D: last line of file ends without a newline
  #endif /* __LED_H */
../Middlewares/ST/STM32_USB_Device_Library/Class/CDC/Src/usbd_cdc.c: 2 warnings, 0 errors
compiling usbd_ctlreq.c...
..\Core\Bsp\Modbus.h(16): warning:  #1-D: last line of file ends without a newline
  #endif /* __LED_H */
..\Core\Bsp\Pwm.h(48): warning:  #1-D: last line of file ends without a newline
  #endif /* __LED_H */
../Middlewares/ST/STM32_USB_Device_Library/Core/Src/usbd_ctlreq.c: 2 warnings, 0 errors
compiling usbd_core.c...
..\Core\Bsp\Modbus.h(16): warning:  #1-D: last line of file ends without a newline
  #endif /* __LED_H */
..\Core\Bsp\Pwm.h(48): warning:  #1-D: last line of file ends without a newline
  #endif /* __LED_H */
../Middlewares/ST/STM32_USB_Device_Library/Core/Src/usbd_core.c: 2 warnings, 0 errors
compiling usbd_conf.c...
..\Core\Bsp\Modbus.h(16): warning:  #1-D: last line of file ends without a newline
  #endif /* __LED_H */
..\Core\Bsp\Pwm.h(48): warning:  #1-D: last line of file ends without a newline
  #endif /* __LED_H */
../USB_DEVICE/Target/usbd_conf.c: 2 warnings, 0 errors
compiling Pwm.c...
..\Core\Bsp\Modbus.h(16): warning:  #1-D: last line of file ends without a newline
  #endif /* __LED_H */
..\Core\Bsp\Pwm.h(48): warning:  #1-D: last line of file ends without a newline
  #endif /* __LED_H */
..\Core\Bsp\Pwm.h(48): warning:  #1-D: last line of file ends without a newline
  #endif /* __LED_H */
..\Core\Bsp\Pwm.c(219): warning:  #188-D: enumerated type mixed with another type
  	HAL_GPIO_WritePin(
PIOA, 
PIO_PIN_13, state);
..\Core\Bsp\Pwm.c: 4 warnings, 0 errors
compiling Modbus.c...
..\Core\Bsp\Modbus.h(16): warning:  #1-D: last line of file ends without a newline
  #endif /* __LED_H */
..\Core\Bsp\Pwm.h(48): warning:  #1-D: last line of file ends without a newline
  #endif /* __LED_H */
..\Core\Bsp\Modbus.h(16): warning:  #1-D: last line of file ends without a newline
  #endif /* __LED_H */
..\Core\Bsp\Modbus.c(242): warning:  #1-D: last line of file ends without a newline
  }
..\Core\Bsp\Modbus.c: 4 warnings, 0 errors
linking...
Program Size: Code=17028 RO-data=324 RW-data=628 ZI-data=15252  
FromELF: creating hex file...
"FreeRTOS_CBT6\FreeRTOS_CBT6.axf" - 0 Error(s), 35 Warning(s).
Build Time Elapsed:  00:00:02
